<?xml version="1.0" encoding="UTF-8"?>
<testng-results ignored="0" total="1" passed="1" failed="0" skipped="0">
  <reporter-output>
  </reporter-output>
  <suite started-at="2025-04-10T06:53:17 IST" name="Default suite" finished-at="2025-04-10T06:53:18 IST" duration-ms="961">
    <groups>
    </groups>
    <test started-at="2025-04-10T06:53:17 IST" name="Default test" finished-at="2025-04-10T06:53:18 IST" duration-ms="961">
      <class name="com.ms.non_bdd.UpdateEmployeeDetails">
        <test-method signature="EmployeesUpdate()[pri:0, instance:com.ms.non_bdd.UpdateEmployeeDetails@2abf4075]" started-at="2025-04-10T06:53:17 IST" name="EmployeesUpdate" finished-at="2025-04-10T06:53:18 IST" duration-ms="934" status="PASS">
          <reporter-output>
          </reporter-output>
        </test-method> <!-- EmployeesUpdate -->
      </class> <!-- com.ms.non_bdd.UpdateEmployeeDetails -->
    </test> <!-- Default test -->
  </suite> <!-- Default suite -->
</testng-results>
