<?xml version="1.0" encoding="UTF-8"?>
<testng-results ignored="0" total="1" passed="1" failed="0" skipped="0">
  <reporter-output>
  </reporter-output>
  <suite started-at="2023-06-05T16:33:23 IST" name="Default suite" finished-at="2023-06-05T16:33:24 IST" duration-ms="834">
    <groups>
    </groups>
    <test started-at="2023-06-05T16:33:23 IST" name="Default test" finished-at="2023-06-05T16:33:24 IST" duration-ms="834">
      <class name="com.es.non_bdd.GetAllEmployees">
        <test-method signature="name()[pri:0, instance:com.es.non_bdd.GetAllEmployees@2abf4075]" started-at="2023-06-05T16:33:23 IST" name="name" finished-at="2023-06-05T16:33:24 IST" duration-ms="814" status="PASS">
          <reporter-output>
          </reporter-output>
        </test-method> <!-- name -->
      </class> <!-- com.es.non_bdd.GetAllEmployees -->
    </test> <!-- Default test -->
  </suite> <!-- Default suite -->
</testng-results>
